<?xml version="1.0" encoding="UTF-8"?><testsuite name="nosetests" tests="38" errors="0" failures="0" skip="0"><testcase classname="dbutil.tests.test_dbUtil.test_dbUtil" name="test_connect" time="0.036"></testcase><testcase classname="dbutil.tests.test_dbUtil.test_dbUtil" name="test_create_table" time="0.033"></testcase><testcase classname="dbutil.tests.test_dbUtil.test_dbUtil" name="test_create_table_err" time="0.023"></testcase><testcase classname="dbutil.tests.test_dbUtil.test_dbUtil" name="test_delete_message" time="0.024"></testcase><testcase classname="dbutil.tests.test_dbUtil.test_dbUtil" name="test_delete_message_err" time="0.024"></testcase><testcase classname="dbutil.tests.test_dbUtil.test_dbUtil" name="test_delete_message_not_exist_message" time="0.027"></testcase><testcase classname="dbutil.tests.test_dbUtil.test_dbUtil" name="test_delete_table" time="0.036"></testcase><testcase classname="dbutil.tests.test_dbUtil.test_dbUtil" name="test_diconnect" time="0.033"></testcase><testcase classname="dbutil.tests.test_dbUtil.test_dbUtil" name="test_diconnecti_err" time="0.029"></testcase><testcase classname="dbutil.tests.test_dbUtil.test_dbUtil" name="test_getAllMsgs" time="0.023"></testcase><testcase classname="dbutil.tests.test_dbUtil.test_dbUtil" name="test_getAllMsgs_err" time="0.023"></testcase><testcase classname="dbutil.tests.test_dbUtil.test_dbUtil" name="test_getAllMsgs_not_exist_msg" time="0.021"></testcase><testcase classname="dbutil.tests.test_dbUtil.test_dbUtil" name="test_getRandomMsgs" time="0.026"></testcase><testcase classname="dbutil.tests.test_dbUtil.test_dbUtil" name="test_getRandomMsgs_not_exist_msg" time="0.025"></testcase><testcase classname="dbutil.tests.test_dbUtil.test_dbUtil" name="test_getTwInfo" time="0.034"></testcase><testcase classname="dbutil.tests.test_dbUtil.test_dbUtil" name="test_getTwInfo_not_exist" time="0.034"></testcase><testcase classname="dbutil.tests.test_dbUtil.test_dbUtil" name="test_get_RandomMsgs_err" time="0.026"></testcase><testcase classname="dbutil.tests.test_dbUtil.test_dbUtil" name="test_get_all_tables" time="0.022"></testcase><testcase classname="dbutil.tests.test_dbUtil.test_dbUtil" name="test_get_all_tables_err" time="0.019"></testcase><testcase classname="dbutil.tests.test_dbUtil.test_dbUtil" name="test_get_all_tables_no_table" time="0.025"></testcase><testcase classname="dbutil.tests.test_dbUtil.test_dbUtil" name="test_get_single_msg" time="0.026"></testcase><testcase classname="dbutil.tests.test_dbUtil.test_dbUtil" name="test_get_single_msg_err" time="0.024"></testcase><testcase classname="dbutil.tests.test_dbUtil.test_dbUtil" name="test_get_single_msg_not_exist_msg" time="0.022"></testcase><testcase classname="dbutil.tests.test_dbUtil.test_dbUtil" name="test_insert_message" time="0.026"></testcase><testcase classname="dbutil.tests.test_dbUtil.test_dbUtil" name="test_insert_message_rollback01" time="0.024"></testcase><testcase classname="dbutil.tests.test_dbUtil.test_dbUtil" name="test_insert_message_rollback02" time="0.023"></testcase><testcase classname="dbutil.tests.test_dbUtil.test_dbUtil" name="test_search_msg_by_kword" time="0.025"></testcase><testcase classname="manage_message_list.tests.test_manage_message_list.test_manage_message_list" name="test_01_insert" time="0.037"><system-err><![CDATA[INFO --------------------------------------------------------------------------------
INFO 'test_message'
INFO This message was inserted in test_table_for_manage at No: 1
INFO --------------------------------------------------------------------------------
]]></system-err></testcase><testcase classname="manage_message_list.tests.test_manage_message_list.test_manage_message_list" name="test_02_insert_not_exist_table" time="0.037"><system-err><![CDATA[ERROR --------------------------------------------------------------------------------
ERROR The table [ wrong_table_name ] doesn't exist.
ERROR --------------------------------------------------------------------------------
]]></system-err></testcase><testcase classname="manage_message_list.tests.test_manage_message_list.test_manage_message_list" name="test_04_delete_answer_yes" time="0.057"><system-err><![CDATA[INFO --------------------------------------------------------------------------------
INFO 'test_message'
INFO This message was inserted in test_table_for_manage at No: 1
INFO --------------------------------------------------------------------------------
INFO --------------------------------------------------------------------------------
INFO table_name: test_table_for_manage
INFO no: 1
INFO msg: test_message
INFO --------------------------------------------------------------------------------
INFO table_name: test_table_for_manage
INFO no: 1
INFO msg: test_message
INFO This message was deleted from test_table_for_manage
INFO --------------------------------------------------------------------------------
]]></system-err></testcase><testcase classname="manage_message_list.tests.test_manage_message_list.test_manage_message_list" name="test_05_delete_answer_no" time="0.074"><system-err><![CDATA[INFO --------------------------------------------------------------------------------
INFO 'test_message'
INFO This message was inserted in test_table_for_manage at No: 1
INFO --------------------------------------------------------------------------------
INFO --------------------------------------------------------------------------------
INFO table_name: test_table_for_manage
INFO no: 1
INFO msg: test_message
INFO --------------------------------------------------------------------------------
INFO table_name: test_table_for_manage
INFO no: 1
INFO msg: test_message
INFO --------------------------------------------------------------------------------
INFO table_name: test_table_for_manage
INFO no: 1
INFO msg: test_message
INFO This message was deleted from test_table_for_manage
INFO --------------------------------------------------------------------------------
]]></system-err></testcase><testcase classname="manage_message_list.tests.test_manage_message_list.test_manage_message_list" name="test_06_delete_answer_no_not_exist_msg" time="0.037"><system-err><![CDATA[INFO --------------------------------------------------------------------------------
INFO This No doesn't exist.
INFO --------------------------------------------------------------------------------
]]></system-err></testcase><testcase classname="manage_message_list.tests.test_manage_message_list.test_manage_message_list" name="test_07_delete_answer_yes_not_exist_table" time="0.042"><system-err><![CDATA[ERROR --------------------------------------------------------------------------------
ERROR The table [ wrong_table_name ] doesn't exist.
ERROR --------------------------------------------------------------------------------
]]></system-err></testcase><testcase classname="manage_message_list.tests.test_manage_message_list.test_manage_message_list" name="test_08_show_all_msgs" time="0.066"><system-err><![CDATA[INFO --------------------------------------------------------------------------------
INFO 'test_message01'
INFO This message was inserted in test_table_for_manage at No: 1
INFO --------------------------------------------------------------------------------
INFO --------------------------------------------------------------------------------
INFO 'test_message02'
INFO This message was inserted in test_table_for_manage at No: 2
INFO --------------------------------------------------------------------------------
INFO --------------------------------------------------------------------------------
INFO no: 1
INFO msg: test_message01
INFO --------------------------------------------------------------------------------
INFO --------------------------------------------------------------------------------
INFO no: 2
INFO msg: test_message02
INFO --------------------------------------------------------------------------------
INFO --------------------------------------------------------------------------------
INFO table_name: test_table_for_manage
INFO no: 1
INFO msg: test_message01
INFO --------------------------------------------------------------------------------
INFO table_name: test_table_for_manage
INFO no: 1
INFO msg: test_message01
INFO This message was deleted from test_table_for_manage
INFO --------------------------------------------------------------------------------
INFO --------------------------------------------------------------------------------
INFO This No doesn't exist.
INFO --------------------------------------------------------------------------------
]]></system-err></testcase><testcase classname="manage_message_list.tests.test_manage_message_list.test_manage_message_list" name="test_10_show_all_msgs_not_exist_table" time="0.039"><system-err><![CDATA[ERROR --------------------------------------------------------------------------------
ERROR The table [ wrong_table_name ] doesn't exist.
ERROR --------------------------------------------------------------------------------
]]></system-err></testcase><testcase classname="manage_message_list.tests.test_manage_message_list.test_manage_message_list" name="test_12_show_all_tables_err" time="0.033"></testcase><testcase classname="manage_message_list.tests.test_manage_message_list.test_manage_message_list" name="test_13_earch" time="0.058"><system-out><![CDATA[([1], ['test_message01'], 'test_table_for_manage')
]]></system-out><system-err><![CDATA[INFO --------------------------------------------------------------------------------
INFO 'test_message01'
INFO This message was inserted in test_table_for_manage at No: 1
INFO --------------------------------------------------------------------------------
INFO --------------------------------------------------------------------------------
INFO table_name: test_table_for_manage
INFO no: 1
INFO msg: test_message01
INFO --------------------------------------------------------------------------------
INFO --------------------------------------------------------------------------------
INFO table_name: test_table_for_manage
INFO no: 1
INFO msg: test_message01
INFO --------------------------------------------------------------------------------
INFO table_name: test_table_for_manage
INFO no: 1
INFO msg: test_message01
INFO This message was deleted from test_table_for_manage
INFO --------------------------------------------------------------------------------
]]></system-err></testcase><testcase classname="manage_message_list.tests.test_manage_message_list.test_manage_message_list" name="test_16_create_table_already_exists" time="0.041"><system-err><![CDATA[ERROR --------------------------------------------------------------------------------
ERROR The table [ test_table_for_create ] already exists.
ERROR --------------------------------------------------------------------------------
ERROR --------------------------------------------------------------------------------
ERROR The table [ test_table_for_create ] already exists.
ERROR --------------------------------------------------------------------------------
/home/takashi/dev/Python/.tox/py35/lib/python3.5/site-packages/pymysql/cursors.py:324: Warning: (1051, "Unknown table 'test_database.test_table_for_create'")
  self._do_get_result()
]]></system-err></testcase></testsuite>