<?xml version="1.0" encoding="UTF-8"?><testsuite name="nosetests" tests="9" errors="0" failures="0" skip="0"><testcase classname="test_dbUtil.test_dbUtil" name="test_connect" time="0.720"></testcase><testcase classname="test_dbUtil.test_dbUtil" name="test_connect_err" time="0.028"></testcase><testcase classname="test_dbUtil.test_dbUtil" name="test_create_table" time="0.077"></testcase><testcase classname="test_dbUtil.test_dbUtil" name="test_delete_message" time="0.088"></testcase><testcase classname="test_dbUtil.test_dbUtil" name="test_delete_message_err" time="0.013"></testcase><testcase classname="test_dbUtil.test_dbUtil" name="test_delete_table" time="0.102"></testcase><testcase classname="test_dbUtil.test_dbUtil" name="test_disConnect" time="0.019"></testcase><testcase classname="test_dbUtil.test_dbUtil" name="test_getAllMsgs" time="0.182"></testcase><testcase classname="test_dbUtil.test_dbUtil" name="test_insert_message" time="0.090"></testcase></testsuite>