<?xml version="1.0" encoding="UTF-8"?><testsuite name="nosetests" tests="9" errors="0" failures="0" skip="0"><testcase classname="test_dbUtil.test_dbUtil" name="test_connect" time="0.403"></testcase><testcase classname="test_dbUtil.test_dbUtil" name="test_connect_err" time="0.015"></testcase><testcase classname="test_dbUtil.test_dbUtil" name="test_create_table" time="0.026"></testcase><testcase classname="test_dbUtil.test_dbUtil" name="test_delete_message" time="0.034"></testcase><testcase classname="test_dbUtil.test_dbUtil" name="test_delete_message_err" time="0.016"></testcase><testcase classname="test_dbUtil.test_dbUtil" name="test_delete_table" time="0.036"></testcase><testcase classname="test_dbUtil.test_dbUtil" name="test_disConnect" time="0.033"></testcase><testcase classname="test_dbUtil.test_dbUtil" name="test_getAllMsgs" time="0.023"></testcase><testcase classname="test_dbUtil.test_dbUtil" name="test_insert_message" time="0.014"></testcase></testsuite>